<?xml version="1.0" encoding="UTF-8"?>
<!-- Generated by org.testng.reporters.JUnitReportReporter -->
<testsuite hostname="MSI" failures="0" tests="2" name="testcases.VarifyingLoginPage" time="14.792" errors="0" timestamp="2022-07-27T14:37:50 IST" skipped="0">
  <testcase classname="testcases.VarifyingLoginPage" name="loginvarification" time="7.163"/>
  <system-out/>
  <testcase classname="testcases.VarifyingLoginPage" name="loginvarification" time="7.629"/>
  <system-out/>
</testsuite> <!-- testcases.VarifyingLoginPage -->
