<?xml version="1.0" encoding="UTF-8"?>
<!-- Generated by org.testng.reporters.JUnitReportReporter -->
<testsuite hostname="MSI" failures="0" tests="1" name="testcases.VarifySignup" time="14.657" errors="0" timestamp="2022-09-23T15:23:05 IST" skipped="0">
  <testcase classname="testcases.VarifySignup" name="signup" time="14.657"/>
  <system-out/>
</testsuite> <!-- testcases.VarifySignup -->
