<?xml version="1.0" encoding="UTF-8"?>
<!-- Generated by org.testng.reporters.JUnitReportReporter -->
<testsuite hostname="MSI" failures="0" tests="1" name="testcases.VarifySignup" time="20.706" errors="0" timestamp="2022-07-26T18:48:37 IST" skipped="0">
  <testcase classname="testcases.VarifySignup" name="signup" time="20.706"/>
  <system-out/>
</testsuite> <!-- testcases.VarifySignup -->
