<?xml version="1.0" encoding="UTF-8"?>
<!-- Generated by org.testng.reporters.JUnitReportReporter -->
<testsuite hostname="MSI" failures="0" tests="2" name="testcases.VarifyingLoginPage" time="15.236" errors="0" timestamp="2022-09-23T15:23:56 IST" skipped="0">
  <testcase classname="testcases.VarifyingLoginPage" name="loginvarification" time="7.190"/>
  <system-out/>
  <testcase classname="testcases.VarifyingLoginPage" name="loginvarification" time="8.046"/>
  <system-out/>
</testsuite> <!-- testcases.VarifyingLoginPage -->
